<?xml version="1.0" encoding="UTF-8"?>
<!-- Generated by org.testng.reporters.JUnitXMLReporter -->
<testsuite ignored="0" hostname="DESKTOP-MMSR92P" failures="0" tests="3" name="Firefox_Test" time="25.871" errors="0" timestamp="2025-03-21T16:06:55 IST">
  <testcase classname="com.comcast.crm.ALL_org_contactTEST.CreatecontactTest" name="createContact" time="5.109"/>
  <testcase classname="com.comcast.crm.ALL_org_contactTEST.CreatecontactTest" name="createContactwithOrgTest" time="3.767"/>
  <testcase classname="com.comcast.crm.ALL_org_contactTEST.CreatecontactTest" name="createContactwithsupportdateTest" time="9.657"/>
</testsuite> <!-- Firefox_Test -->
