<?xml version="1.0" encoding="UTF-8"?>
<!-- Generated by org.testng.reporters.JUnitXMLReporter -->
<testsuite ignored="4" hostname="DESKTOP-MMSR92P" failures="1" tests="6" name="Test" time="39.775" errors="0" timestamp="2025-03-21T16:14:06 IST">
  <testcase classname="com.comcast.crm.ALL_org_contactTEST.CreatecontactTest" name="createContact" time="4.018"/>
  <testcase classname="com.comcast.crm.ALL_org_contactTEST.CreatecontactTest" name="createContactwithOrgTest" time="3.588"/>
  <testcase classname="com.comcast.crm.ALL_org_contactTEST.CreatecontactTest" name="createContactwithsupportdateTest" time="9.437"/>
  <testcase classname="com.comcast.crm.ALL_org_contactTEST.CreateOrgTest" name="OrgTest" time="0.005">
    <failure type="java.lang.NullPointerException" message="Cannot invoke &amp;quot;org.apache.poi.ss.usermodel.Cell.getStringCellValue()&amp;quot; because the return value of &amp;quot;org.apache.poi.ss.usermodel.Row.getCell(int)&amp;quot; is null">
      <![CDATA[java.lang.NullPointerException: Cannot invoke "org.apache.poi.ss.usermodel.Cell.getStringCellValue()" because the return value of "org.apache.poi.ss.usermodel.Row.getCell(int)" is null
at com.comcast.crm.generic.fileutility.ExcelUtility.getDataFromExcel(ExcelUtility.java:18)
at com.comcast.crm.ALL_org_contactTEST.CreateOrgTest.OrgTest(CreateOrgTest.java:38)
at java.base/java.util.ArrayList.forEach(ArrayList.java:1511)
... Removed 27 stack frames]]>
    </failure>
  </testcase> <!-- OrgTest -->
  <testcase classname="com.comcast.crm.ALL_org_contactTEST.CreateOrgTest" name="OrgwithIndustry" time="3.904"/>
  <testcase classname="com.comcast.crm.ALL_org_contactTEST.CreateOrgTest" name="OrgwithPhoneNum" time="3.536"/>
  <testcase classname="com.comcast.crm.BASEclassUtility.Baseclass" name="@AfterSuite aftersuit" time="0.0">
    <ignored/>
  </testcase> <!-- @AfterSuite aftersuit -->
  <testcase classname="com.comcast.crm.BASEclassUtility.Baseclass" name="@BeforeSuite beforesuit" time="0.0">
    <ignored/>
  </testcase> <!-- @BeforeSuite beforesuit -->
  <testcase classname="com.comcast.crm.BASEclassUtility.Baseclass" name="@BeforeTest beforetest" time="0.0">
    <ignored/>
  </testcase> <!-- @BeforeTest beforetest -->
  <testcase classname="com.comcast.crm.BASEclassUtility.Baseclass" name="@AfterTest aftertest" time="0.0">
    <ignored/>
  </testcase> <!-- @AfterTest aftertest -->
</testsuite> <!-- Test -->
