<?xml version="1.0" encoding="UTF-8"?>
<!-- Generated by org.testng.reporters.JUnitXMLReporter -->
<testsuite ignored="0" hostname="DESKTOP-MMSR92P" failures="1" tests="3" name="Test==1" time="16.887" errors="0" timestamp="2025-03-21T15:49:11 IST">
  <testcase classname="com.comcast.crm.ALL_org_contactTEST.CreateOrgTest" name="OrgTest" time="0.315">
    <failure type="java.lang.NullPointerException" message="Cannot invoke &amp;quot;org.apache.poi.ss.usermodel.Cell.getStringCellValue()&amp;quot; because the return value of &amp;quot;org.apache.poi.ss.usermodel.Row.getCell(int)&amp;quot; is null">
      <![CDATA[java.lang.NullPointerException: Cannot invoke "org.apache.poi.ss.usermodel.Cell.getStringCellValue()" because the return value of "org.apache.poi.ss.usermodel.Row.getCell(int)" is null
at com.comcast.crm.generic.fileutility.ExcelUtility.getDataFromExcel(ExcelUtility.java:18)
at com.comcast.crm.ALL_org_contactTEST.CreateOrgTest.OrgTest(CreateOrgTest.java:38)
at java.base/java.util.ArrayList.forEach(ArrayList.java:1511)
at java.base/java.util.concurrent.FutureTask.run(FutureTask.java:264)
at java.base/java.util.concurrent.ThreadPoolExecutor.runWorker(ThreadPoolExecutor.java:1136)
at java.base/java.util.concurrent.ThreadPoolExecutor$Worker.run(ThreadPoolExecutor.java:635)
at java.base/java.lang.Thread.run(Thread.java:833)
... Removed 17 stack frames]]>
    </failure>
  </testcase> <!-- OrgTest -->
  <testcase classname="com.comcast.crm.ALL_org_contactTEST.CreateOrgTest" name="OrgwithIndustry" time="4.1"/>
  <testcase classname="com.comcast.crm.ALL_org_contactTEST.CreateOrgTest" name="OrgwithPhoneNum" time="3.821"/>
</testsuite> <!-- Test==1 -->
