<?xml version="1.0" encoding="UTF-8"?>
<!-- Generated by org.testng.reporters.JUnitXMLReporter -->
<testsuite ignored="0" hostname="DESKTOP-MMSR92P" failures="0" tests="3" name="Test==2" time="25.447" errors="0" timestamp="2025-03-21T15:49:19 IST">
  <testcase classname="com.comcast.crm.ALL_org_contactTEST.CreatecontactTest" name="createContact" time="4.806"/>
  <testcase classname="com.comcast.crm.ALL_org_contactTEST.CreatecontactTest" name="createContactwithOrgTest" time="3.805"/>
  <testcase classname="com.comcast.crm.ALL_org_contactTEST.CreatecontactTest" name="createContactwithsupportdateTest" time="9.467"/>
</testsuite> <!-- Test==2 -->
