<?xml version="1.0" encoding="UTF-8"?>
<testng-results ignored="0" total="3" passed="2" failed="1" skipped="0">
  <reporter-output>
  </reporter-output>
  <suite started-at="2025-03-25T17:22:58 IST" name="Default suite" finished-at="2025-03-25T17:23:13 IST" duration-ms="15285">
    <groups>
      <group name="SmokeTest">
        <method signature="CreateOrgTest.OrgTest()[pri:0, instance:com.comcast.crm.ALL_org_contactTEST.CreateOrgTest@514646ef]" name="OrgTest" class="com.comcast.crm.ALL_org_contactTEST.CreateOrgTest"/>
      </group> <!-- SmokeTest -->
      <group name="RegressionTest">
        <method signature="CreateOrgTest.OrgwithIndustry()[pri:0, instance:com.comcast.crm.ALL_org_contactTEST.CreateOrgTest@514646ef]" name="OrgwithIndustry" class="com.comcast.crm.ALL_org_contactTEST.CreateOrgTest"/>
        <method signature="CreateOrgTest.OrgwithPhoneNum()[pri:0, instance:com.comcast.crm.ALL_org_contactTEST.CreateOrgTest@514646ef]" name="OrgwithPhoneNum" class="com.comcast.crm.ALL_org_contactTEST.CreateOrgTest"/>
      </group> <!-- RegressionTest -->
    </groups>
    <test started-at="2025-03-25T17:22:58 IST" name="Default test" finished-at="2025-03-25T17:23:13 IST" duration-ms="15285">
      <class name="com.comcast.crm.ALL_org_contactTEST.CreateOrgTest">
        <test-method is-config="true" signature="beforesuit()[pri:0, instance:com.comcast.crm.ALL_org_contactTEST.CreateOrgTest@514646ef]" started-at="2025-03-25T17:22:58 IST" name="beforesuit" finished-at="2025-03-25T17:22:58 IST" duration-ms="228" status="PASS">
          <reporter-output>
          </reporter-output>
        </test-method> <!-- beforesuit -->
        <test-method is-config="true" signature="beforetest()[pri:0, instance:com.comcast.crm.ALL_org_contactTEST.CreateOrgTest@514646ef]" started-at="2025-03-25T17:22:58 IST" name="beforetest" finished-at="2025-03-25T17:22:58 IST" duration-ms="1" status="PASS">
          <reporter-output>
          </reporter-output>
        </test-method> <!-- beforetest -->
        <test-method is-config="true" signature="beforeclass(java.lang.String)[pri:0, instance:com.comcast.crm.ALL_org_contactTEST.CreateOrgTest@514646ef]" started-at="2025-03-25T17:22:58 IST" name="beforeclass" finished-at="2025-03-25T17:23:00 IST" duration-ms="1816" status="PASS">
          <params>
            <param index="0">
              <value>
                <![CDATA[chrome]]>
              </value>
            </param>
          </params>
          <reporter-output>
          </reporter-output>
        </test-method> <!-- beforeclass -->
        <test-method is-config="true" signature="loginpage()[pri:0, instance:com.comcast.crm.ALL_org_contactTEST.CreateOrgTest@514646ef]" started-at="2025-03-25T17:23:00 IST" name="loginpage" finished-at="2025-03-25T17:23:00 IST" duration-ms="524" status="PASS">
          <reporter-output>
          </reporter-output>
        </test-method> <!-- loginpage -->
        <test-method signature="OrgTest()[pri:0, instance:com.comcast.crm.ALL_org_contactTEST.CreateOrgTest@514646ef]" started-at="2025-03-25T17:23:00 IST" name="OrgTest" finished-at="2025-03-25T17:23:01 IST" duration-ms="289" status="FAIL">
          <exception class="java.lang.NullPointerException">
            <message>
              <![CDATA[Cannot invoke "org.apache.poi.ss.usermodel.Cell.getStringCellValue()" because the return value of "org.apache.poi.ss.usermodel.Row.getCell(int)" is null]]>
            </message>
            <full-stacktrace>
              <![CDATA[java.lang.NullPointerException: Cannot invoke "org.apache.poi.ss.usermodel.Cell.getStringCellValue()" because the return value of "org.apache.poi.ss.usermodel.Row.getCell(int)" is null
at com.comcast.crm.generic.fileutility.ExcelUtility.getDataFromExcel(ExcelUtility.java:18)
at com.comcast.crm.ALL_org_contactTEST.CreateOrgTest.OrgTest(CreateOrgTest.java:38)
at java.base/jdk.internal.reflect.NativeMethodAccessorImpl.invoke0(Native Method)
at java.base/jdk.internal.reflect.NativeMethodAccessorImpl.invoke(NativeMethodAccessorImpl.java:77)
at java.base/jdk.internal.reflect.DelegatingMethodAccessorImpl.invoke(DelegatingMethodAccessorImpl.java:43)
at java.base/java.lang.reflect.Method.invoke(Method.java:568)
at org.testng.internal.invokers.MethodInvocationHelper.invokeMethod(MethodInvocationHelper.java:141)
at org.testng.internal.invokers.TestInvoker.invokeMethod(TestInvoker.java:686)
at org.testng.internal.invokers.TestInvoker.invokeTestMethod(TestInvoker.java:230)
at org.testng.internal.invokers.MethodRunner.runInSequence(MethodRunner.java:63)
at org.testng.internal.invokers.TestInvoker$MethodInvocationAgent.invoke(TestInvoker.java:992)
at org.testng.internal.invokers.TestInvoker.invokeTestMethods(TestInvoker.java:203)
at org.testng.internal.invokers.TestMethodWorker.invokeTestMethods(TestMethodWorker.java:154)
at org.testng.internal.invokers.TestMethodWorker.run(TestMethodWorker.java:134)
at java.base/java.util.ArrayList.forEach(ArrayList.java:1511)
at org.testng.TestRunner.privateRun(TestRunner.java:739)
at org.testng.TestRunner.run(TestRunner.java:614)
at org.testng.SuiteRunner.runTest(SuiteRunner.java:421)
at org.testng.SuiteRunner.runSequentially(SuiteRunner.java:413)
at org.testng.SuiteRunner.privateRun(SuiteRunner.java:373)
at org.testng.SuiteRunner.run(SuiteRunner.java:312)
at org.testng.SuiteRunnerWorker.runSuite(SuiteRunnerWorker.java:52)
at org.testng.SuiteRunnerWorker.run(SuiteRunnerWorker.java:95)
at org.testng.TestNG.runSuitesSequentially(TestNG.java:1274)
at org.testng.TestNG.runSuitesLocally(TestNG.java:1208)
at org.testng.TestNG.runSuites(TestNG.java:1112)
at org.testng.TestNG.run(TestNG.java:1079)
at org.testng.remote.AbstractRemoteTestNG.run(AbstractRemoteTestNG.java:115)
at org.testng.remote.RemoteTestNG.initAndRun(RemoteTestNG.java:293)
at org.testng.remote.RemoteTestNG.main(RemoteTestNG.java:91)
]]>
            </full-stacktrace>
          </exception> <!-- java.lang.NullPointerException -->
          <reporter-output>
          </reporter-output>
        </test-method> <!-- OrgTest -->
        <test-method is-config="true" signature="aftermethod()[pri:0, instance:com.comcast.crm.ALL_org_contactTEST.CreateOrgTest@514646ef]" started-at="2025-03-25T17:23:01 IST" name="aftermethod" finished-at="2025-03-25T17:23:02 IST" duration-ms="908" status="PASS">
          <reporter-output>
          </reporter-output>
        </test-method> <!-- aftermethod -->
        <test-method is-config="true" signature="loginpage()[pri:0, instance:com.comcast.crm.ALL_org_contactTEST.CreateOrgTest@514646ef]" started-at="2025-03-25T17:23:02 IST" name="loginpage" finished-at="2025-03-25T17:23:03 IST" duration-ms="1104" status="PASS">
          <reporter-output>
          </reporter-output>
        </test-method> <!-- loginpage -->
        <test-method signature="OrgwithIndustry()[pri:0, instance:com.comcast.crm.ALL_org_contactTEST.CreateOrgTest@514646ef]" started-at="2025-03-25T17:23:03 IST" name="OrgwithIndustry" finished-at="2025-03-25T17:23:07 IST" duration-ms="3829" status="PASS">
          <reporter-output>
          </reporter-output>
        </test-method> <!-- OrgwithIndustry -->
        <test-method is-config="true" signature="aftermethod()[pri:0, instance:com.comcast.crm.ALL_org_contactTEST.CreateOrgTest@514646ef]" started-at="2025-03-25T17:23:07 IST" name="aftermethod" finished-at="2025-03-25T17:23:08 IST" duration-ms="529" status="PASS">
          <reporter-output>
          </reporter-output>
        </test-method> <!-- aftermethod -->
        <test-method is-config="true" signature="loginpage()[pri:0, instance:com.comcast.crm.ALL_org_contactTEST.CreateOrgTest@514646ef]" started-at="2025-03-25T17:23:08 IST" name="loginpage" finished-at="2025-03-25T17:23:09 IST" duration-ms="1058" status="PASS">
          <reporter-output>
          </reporter-output>
        </test-method> <!-- loginpage -->
        <test-method signature="OrgwithPhoneNum()[pri:0, instance:com.comcast.crm.ALL_org_contactTEST.CreateOrgTest@514646ef]" started-at="2025-03-25T17:23:09 IST" name="OrgwithPhoneNum" finished-at="2025-03-25T17:23:12 IST" duration-ms="3581" status="PASS">
          <reporter-output>
          </reporter-output>
        </test-method> <!-- OrgwithPhoneNum -->
        <test-method is-config="true" signature="aftermethod()[pri:0, instance:com.comcast.crm.ALL_org_contactTEST.CreateOrgTest@514646ef]" started-at="2025-03-25T17:23:12 IST" name="aftermethod" finished-at="2025-03-25T17:23:13 IST" duration-ms="533" status="PASS">
          <reporter-output>
          </reporter-output>
        </test-method> <!-- aftermethod -->
        <test-method is-config="true" signature="afterclass()[pri:0, instance:com.comcast.crm.ALL_org_contactTEST.CreateOrgTest@514646ef]" started-at="2025-03-25T17:23:13 IST" name="afterclass" finished-at="2025-03-25T17:23:13 IST" duration-ms="283" status="PASS">
          <reporter-output>
          </reporter-output>
        </test-method> <!-- afterclass -->
        <test-method is-config="true" signature="aftertest()[pri:0, instance:com.comcast.crm.ALL_org_contactTEST.CreateOrgTest@514646ef]" started-at="2025-03-25T17:23:13 IST" name="aftertest" finished-at="2025-03-25T17:23:13 IST" duration-ms="1" status="PASS">
          <reporter-output>
          </reporter-output>
        </test-method> <!-- aftertest -->
        <test-method is-config="true" signature="aftersuit()[pri:0, instance:com.comcast.crm.ALL_org_contactTEST.CreateOrgTest@514646ef]" started-at="2025-03-25T17:23:13 IST" name="aftersuit" finished-at="2025-03-25T17:23:13 IST" duration-ms="3" status="PASS">
          <reporter-output>
          </reporter-output>
        </test-method> <!-- aftersuit -->
      </class> <!-- com.comcast.crm.ALL_org_contactTEST.CreateOrgTest -->
    </test> <!-- Default test -->
  </suite> <!-- Default suite -->
</testng-results>
